[debug] [2021-05-05T16:16:53.766Z] ----------------------------------------------------------------------
[debug] [2021-05-05T16:16:53.768Z] Command:       C:\Program Files\nodejs\node.exe C:\Users\rajiva\AppData\Roaming\npm\node_modules\firebase-tools\lib\bin\firebase.js init
[debug] [2021-05-05T16:16:53.769Z] CLI Version:   9.8.0
[debug] [2021-05-05T16:16:53.769Z] Platform:      win32
[debug] [2021-05-05T16:16:53.769Z] Node Version:  v14.16.1
[debug] [2021-05-05T16:16:53.771Z] Time:          Wed May 05 2021 18:16:53 GMT+0200 (sentraleuropeisk sommertid)
[debug] [2021-05-05T16:16:53.772Z] ----------------------------------------------------------------------
[debug] 
[debug] [2021-05-05T16:16:53.776Z] >>> [apiv2][query] GET https://firebase-public.firebaseio.com/cli.json [none]
[debug] [2021-05-05T16:16:53.819Z] > command requires scopes: ["email","openid","https://www.googleapis.com/auth/cloudplatformprojects.readonly","https://www.googleapis.com/auth/firebase","https://www.googleapis.com/auth/cloud-platform"]
[debug] [2021-05-05T16:16:53.820Z] > authorizing via signed-in user
[info] 
     ######## #### ########  ######## ########     ###     ######  ########
     ##        ##  ##     ## ##       ##     ##  ##   ##  ##       ##
     ######    ##  ########  ######   ########  #########  ######  ######
     ##        ##  ##    ##  ##       ##     ## ##     ##       ## ##
     ##       #### ##     ## ######## ########  ##     ##  ######  ########

You're about to initialize a Firebase project in this directory:

  C:\TestProjects\React\React Redux TypeScript Tutorial - Introduction for Beginners\Become a Senior React Developer\react-context-complete-master

Before we get started, keep in mind:

  * You are currently outside your home directory

[debug] [2021-05-05T16:16:54.310Z] <<< [apiv2][status] GET https://firebase-public.firebaseio.com/cli.json 200
[debug] [2021-05-05T16:16:54.310Z] <<< [apiv2][body] GET https://firebase-public.firebaseio.com/cli.json {"cloudBuildErrorAfter":1594252800000,"cloudBuildWarnAfter":1590019200000,"defaultNode10After":1594252800000,"minVersion":"3.0.5","node8DeploysDisabledAfter":1613390400000,"node8RuntimeDisabledAfter":1615809600000,"node8WarnAfter":1600128000000}
[info] 
=== Project Setup
[info] 
[info] First, let's associate this project directory with a Firebase project.
[info] You can create multiple project aliases by running firebase use --add, 
[info] but for now we'll just set up a default project.
[info] 
[debug] [2021-05-05T16:17:16.714Z] > refreshing access token with scopes: []
[debug] [2021-05-05T16:17:16.714Z] >>> HTTP REQUEST POST https://www.googleapis.com/oauth2/v3/token  
 <request body omitted>
[debug] [2021-05-05T16:17:16.797Z] <<< HTTP RESPONSE 200 {"cache-control":"no-cache, no-store, max-age=0, must-revalidate","pragma":"no-cache","expires":"Mon, 01 Jan 1990 00:00:00 GMT","date":"Wed, 05 May 2021 16:16:57 GMT","content-type":"application/json; charset=utf-8","vary":"X-Origin, Referer, Origin,Accept-Encoding","server":"scaffolding on HTTPServer2","x-xss-protection":"0","x-frame-options":"SAMEORIGIN","x-content-type-options":"nosniff","alt-svc":"h3-29=\":443\"; ma=2592000,h3-T051=\":443\"; ma=2592000,h3-Q050=\":443\"; ma=2592000,h3-Q046=\":443\"; ma=2592000,h3-Q043=\":443\"; ma=2592000,quic=\":443\"; ma=2592000; v=\"46,43\"","accept-ranges":"none","transfer-encoding":"chunked"}
[debug] [2021-05-05T16:17:16.809Z] >>> [apiv2][query] GET https://firebase.googleapis.com/v1beta1/projects pageSize=100
[debug] [2021-05-05T16:17:17.153Z] <<< [apiv2][status] GET https://firebase.googleapis.com/v1beta1/projects 200
[debug] [2021-05-05T16:17:17.153Z] <<< [apiv2][body] GET https://firebase.googleapis.com/v1beta1/projects [omitted]
[debug] [2021-05-05T16:21:19.226Z] ----------------------------------------------------------------------
[debug] [2021-05-05T16:21:19.230Z] Command:       C:\Program Files\nodejs\node.exe C:\Users\rajiva\AppData\Roaming\npm\node_modules\firebase-tools\lib\bin\firebase.js init
[debug] [2021-05-05T16:21:19.231Z] CLI Version:   9.8.0
[debug] [2021-05-05T16:21:19.231Z] Platform:      win32
[debug] [2021-05-05T16:21:19.232Z] Node Version:  v14.16.1
[debug] [2021-05-05T16:21:19.234Z] Time:          Wed May 05 2021 18:21:19 GMT+0200 (sentraleuropeisk sommertid)
[debug] [2021-05-05T16:21:19.235Z] ----------------------------------------------------------------------
[debug] 
[debug] [2021-05-05T16:21:19.246Z] > command requires scopes: ["email","openid","https://www.googleapis.com/auth/cloudplatformprojects.readonly","https://www.googleapis.com/auth/firebase","https://www.googleapis.com/auth/cloud-platform"]
[debug] [2021-05-05T16:21:19.247Z] > authorizing via signed-in user
[info] 
     ######## #### ########  ######## ########     ###     ######  ########
     ##        ##  ##     ## ##       ##     ##  ##   ##  ##       ##
     ######    ##  ########  ######   ########  #########  ######  ######
     ##        ##  ##    ##  ##       ##     ## ##     ##       ## ##
     ##       #### ##     ## ######## ########  ##     ##  ######  ########

You're about to initialize a Firebase project in this directory:

  C:\TestProjects\React\React Redux TypeScript Tutorial - Introduction for Beginners\Become a Senior React Developer\react-context-complete-master

Before we get started, keep in mind:

  * You are currently outside your home directory

[info] 
=== Project Setup
[info] 
[info] First, let's associate this project directory with a Firebase project.
[info] You can create multiple project aliases by running firebase use --add, 
[info] but for now we'll just set up a default project.
[info] 
[debug] [2021-05-05T16:21:26.493Z] >>> [apiv2][query] GET https://firebase.googleapis.com/v1beta1/projects pageSize=100
[debug] [2021-05-05T16:21:26.878Z] <<< [apiv2][status] GET https://firebase.googleapis.com/v1beta1/projects 200
[debug] [2021-05-05T16:21:26.878Z] <<< [apiv2][body] GET https://firebase.googleapis.com/v1beta1/projects [omitted]
